<?xml version="1.0" encoding="UTF-8"?>
<Site BuildName="(empty)"
	BuildStamp="20240618-0901-Experimental"
	Name="bota"
	Generator="ctest-3.16.3"
	CompilerName="/usr/bin/c++"
	CompilerVersion="9.4.0"
	OSName="Linux"
	Hostname="bota"
	OSRelease="5.15.0-107-generic"
	OSVersion="#117~20.04.1-Ubuntu SMP Tue Apr 30 10:35:57 UTC 2024"
	OSPlatform="x86_64"
	Is64Bits="1"
	VendorString="AuthenticAMD"
	VendorID="Advanced Micro Devices"
	FamilyID="23"
	ModelID="113"
	ProcessorCacheSize="512"
	NumberOfLogicalCPU="12"
	NumberOfPhysicalCPU="6"
	TotalVirtualMemory="2047"
	TotalPhysicalMemory="15888"
	LogicalProcessorsPerPhysical="2"
	ProcessorClockFrequency="3324.13"
	>
	<Testing>
		<StartDateTime>Jun 18 11:01 CEST</StartDateTime>
		<StartTestTime>1718701299</StartTestTime>
		<TestList/>
		<EndDateTime>Jun 18 11:01 CEST</EndDateTime>
		<EndTestTime>1718701299</EndTestTime>
		<ElapsedMinutes>0</ElapsedMinutes>
	</Testing>
</Site>
